<?xml version="1.0" encoding="UTF-8"?>
<testsuite xmlns:xsi="http://www.w3.org/2001/XMLSchema-instance" xsi:noNamespaceSchemaLocation="https://maven.apache.org/surefire/maven-surefire-plugin/xsd/surefire-test-report-3.0.xsd" version="3.0" name="com.example.stepcounter.StepcounterApplicationTests" time="70.284" tests="1" errors="0" skipped="0" failures="0">
  <properties>
[...]
</properties>
  <testcase name="contextLoads" classname="com.example.stepcounter.StepcounterApplicationTests" time="6.554">
    <system-out><![CDATA[10:59:57.370 [main] INFO org.springframework.test.context.support.AnnotationConfigContextLoaderUtils -- Could not detect default configuration classes for test class [com.example.stepcounter.StepcounterApplicationTests]: StepcounterApplicationTests does not declare any static, non-private, non-final, nested classes annotated with @Configuration.
10:59:58.836 [main] INFO org.springframework.boot.test.context.SpringBootTestContextBootstrapper -- Found @SpringBootConfiguration com.example.stepcounter.StepcounterApplication for test class com.example.stepcounter.StepcounterApplicationTests

  .   ____          _            __ _ _
 /\\ / ___'_ __ _ _(_)_ __  __ _ \ \ \ \
( ( )\___ | '_ | '_| | '_ \/ _` | \ \ \ \
 \\/  ___)| |_)| | | | | || (_| |  ) ) ) )
  '  |____| .__|_| |_|_| |_\__, | / / / /
 =========|_|==============|___/=/_/_/_/
 :: Spring Boot ::                (v3.1.4)

2023-10-28T11:00:04.789+07:00  INFO 7628 --- [           main] c.e.s.StepcounterApplicationTests        : Starting StepcounterApplicationTests using Java 17.0.8 with PID 7628 (started by HUYNH in D:\Workspaces\stepcounter)
2023-10-28T11:00:04.846+07:00  INFO 7628 --- [           main] c.e.s.StepcounterApplicationTests        : No active profile set, falling back to 1 default profile: "default"
2023-10-28T11:00:13.757+07:00  INFO 7628 --- [           main] .s.d.r.c.RepositoryConfigurationDelegate : Bootstrapping Spring Data JPA repositories in DEFAULT mode.
2023-10-28T11:00:15.521+07:00  INFO 7628 --- [           main] .s.d.r.c.RepositoryConfigurationDelegate : Finished Spring Data repository scanning in 1499 ms. Found 3 JPA repository interfaces.
2023-10-28T11:00:22.898+07:00  INFO 7628 --- [           main] o.hibernate.jpa.internal.util.LogHelper  : HHH000204: Processing PersistenceUnitInfo [name: default]
2023-10-28T11:00:23.669+07:00  INFO 7628 --- [           main] org.hibernate.Version                    : HHH000412: Hibernate ORM core version 6.2.9.Final
2023-10-28T11:00:23.683+07:00  INFO 7628 --- [           main] org.hibernate.cfg.Environment            : HHH000406: Using bytecode reflection optimizer
2023-10-28T11:00:25.882+07:00  INFO 7628 --- [           main] o.h.b.i.BytecodeProviderInitiator        : HHH000021: Bytecode provider name : bytebuddy
2023-10-28T11:00:27.832+07:00  INFO 7628 --- [           main] o.s.o.j.p.SpringPersistenceUnitInfo      : No LoadTimeWeaver setup: ignoring JPA class transformer
2023-10-28T11:00:27.970+07:00  INFO 7628 --- [           main] com.zaxxer.hikari.HikariDataSource       : HikariPool-1 - Starting...
2023-10-28T11:00:31.135+07:00  INFO 7628 --- [           main] com.zaxxer.hikari.pool.HikariPool        : HikariPool-1 - Added connection com.mysql.cj.jdbc.ConnectionImpl@2326180c
2023-10-28T11:00:31.155+07:00  INFO 7628 --- [           main] com.zaxxer.hikari.HikariDataSource       : HikariPool-1 - Start completed.
2023-10-28T11:00:36.154+07:00  INFO 7628 --- [           main] o.h.b.i.BytecodeProviderInitiator        : HHH000021: Bytecode provider name : bytebuddy
2023-10-28T11:00:42.987+07:00  INFO 7628 --- [           main] o.h.e.t.j.p.i.JtaPlatformInitiator       : HHH000490: Using JtaPlatform implementation: [org.hibernate.engine.transaction.jta.platform.internal.NoJtaPlatform]
2023-10-28T11:00:43.566+07:00  INFO 7628 --- [           main] j.LocalContainerEntityManagerFactoryBean : Initialized JPA EntityManagerFactory for persistence unit 'default'
2023-10-28T11:00:52.246+07:00  WARN 7628 --- [           main] JpaBaseConfiguration$JpaWebConfiguration : spring.jpa.open-in-view is enabled by default. Therefore, database queries may be performed during view rendering. Explicitly configure spring.jpa.open-in-view to disable this warning
2023-10-28T11:00:59.418+07:00  INFO 7628 --- [           main] c.e.s.StepcounterApplicationTests        : Started StepcounterApplicationTests in 58.64 seconds (process running for 69.697)
]]></system-out>
  </testcase>
</testsuite>